<?xml version="1.0" encoding="UTF-8"?>
<testng-results skipped="0" failed="0" total="1" passed="1">
  <reporter-output>
  </reporter-output>
  <suite name="Suite" duration-ms="15" started-at="2016-06-22T08:26:58Z" finished-at="2016-06-22T08:26:58Z">
    <groups>
    </groups>
    <test name="Test" duration-ms="15" started-at="2016-06-22T08:26:58Z" finished-at="2016-06-22T08:26:58Z">
      <class name="com.sample.jenkinstest.Sample">
        <test-method status="PASS" signature="f(java.lang.String)[pri:0, instance:com.sample.jenkinstest.Sample@1251891]" name="f" duration-ms="7" started-at="2016-06-22T13:56:58Z" finished-at="2016-06-22T13:56:58Z">
          <params>
            <param index="0">
              <value>
                <![CDATA[firefox]]>
              </value>
            </param>
          </params>
          <reporter-output>
          </reporter-output>
        </test-method> <!-- f -->
      </class> <!-- com.sample.jenkinstest.Sample -->
    </test> <!-- Test -->
  </suite> <!-- Suite -->
</testng-results>
