<?xml version="1.0" encoding="UTF-8"?>
<testng-results skipped="0" failed="0" total="1" passed="1">
  <reporter-output>
  </reporter-output>
  <suite name="Suite" duration-ms="31419" started-at="2016-08-02T16:40:05Z" finished-at="2016-08-02T16:40:36Z">
    <groups>
    </groups>
    <test name="Test" duration-ms="31419" started-at="2016-08-02T16:40:05Z" finished-at="2016-08-02T16:40:36Z">
      <class name="com.sample.jenkinstest.Sample">
        <test-method status="PASS" signature="f()[pri:0, instance:com.sample.jenkinstest.Sample@133c8f8]" name="f" duration-ms="31407" started-at="2016-08-02T22:10:05Z" finished-at="2016-08-02T22:10:36Z">
          <reporter-output>
          </reporter-output>
        </test-method> <!-- f -->
      </class> <!-- com.sample.jenkinstest.Sample -->
    </test> <!-- Test -->
  </suite> <!-- Suite -->
</testng-results>
