<?xml version="1.0" encoding="UTF-8"?>
<testng-results skipped="0" failed="0" total="1" passed="1">
  <reporter-output>
  </reporter-output>
  <suite name="Suite" duration-ms="31" started-at="2016-06-22T07:20:31Z" finished-at="2016-06-22T07:20:31Z">
    <groups>
    </groups>
    <test name="Test" duration-ms="31" started-at="2016-06-22T07:20:31Z" finished-at="2016-06-22T07:20:31Z">
      <class name="com.sample.jenkinstest.Sample">
        <test-method status="PASS" signature="f(java.lang.String)[pri:0, instance:com.sample.jenkinstest.Sample@7921b0a2]" name="f" duration-ms="13" started-at="2016-06-22T12:50:31Z" finished-at="2016-06-22T12:50:31Z">
          <params>
            <param index="0">
              <value>
                <![CDATA[firefox]]>
              </value>
            </param>
          </params>
          <reporter-output>
          </reporter-output>
        </test-method> <!-- f -->
      </class> <!-- com.sample.jenkinstest.Sample -->
    </test> <!-- Test -->
  </suite> <!-- Suite -->
</testng-results>
